1698771995851	geckodriver	INFO	Listening on 127.0.0.1:52453
1698771998909	mozrunner::runner	INFO	Running command: "C:\\Program Files (x86)\\Mozilla Firefox\\firefox.exe" "--marionette" "--remote-debugging-port" "52454" "--remote-allow-hosts" "localhost" "-no-remote" "-profile" "C:\\Users\\Lukas\\AppData\\Local\\Temp\\rust_mozprofileZKsJbo"
console.warn: services.settings: Ignoring preference override of remote settings server
console.warn: services.settings: Allow by setting MOZ_REMOTE_SETTINGS_DEVTOOLS=1 in the environment
1698771999560	Marionette	INFO	Marionette enabled
Dynamically enable window occlusion 0
1698771999755	Marionette	INFO	Listening on port 52461
WebDriver BiDi listening on ws://127.0.0.1:52454
Read port: 52461
1698772000151	RemoteAgent	WARN	TLS certificate errors will be ignored for this session
DevTools listening on ws://127.0.0.1:52454/devtools/browser/6fdf2c97-e5e3-4797-9815-8748daa18f5d
JavaScript error: https://www.autoscout24.at/assets/as24-search-funnel/_next/static/chunks/framework-ce84985cd166733a.js, line 9: Error: Minified React error #425; visit https://reactjs.org/docs/error-decoder.html?invariant=425 for the full message or use the non-minified dev environment for full errors and additional helpful warnings.
JavaScript error: https://www.autoscout24.at/assets/as24-search-funnel/_next/static/chunks/framework-ce84985cd166733a.js, line 9: Error: Minified React error #418; visit https://reactjs.org/docs/error-decoder.html?invariant=418 for the full message or use the non-minified dev environment for full errors and additional helpful warnings.
JavaScript error: https://www.autoscout24.at/assets/as24-search-funnel/_next/static/chunks/framework-ce84985cd166733a.js, line 9: Error: Minified React error #418; visit https://reactjs.org/docs/error-decoder.html?invariant=418 for the full message or use the non-minified dev environment for full errors and additional helpful warnings.
JavaScript error: https://www.autoscout24.at/assets/as24-search-funnel/_next/static/chunks/framework-ce84985cd166733a.js, line 9: Error: Minified React error #418; visit https://reactjs.org/docs/error-decoder.html?invariant=418 for the full message or use the non-minified dev environment for full errors and additional helpful warnings.
JavaScript error: https://www.autoscout24.at/assets/as24-search-funnel/_next/static/chunks/framework-ce84985cd166733a.js, line 9: Error: Minified React error #418; visit https://reactjs.org/docs/error-decoder.html?invariant=418 for the full message or use the non-minified dev environment for full errors and additional helpful warnings.
JavaScript error: https://www.autoscout24.at/assets/as24-search-funnel/_next/static/chunks/framework-ce84985cd166733a.js, line 9: Error: Minified React error #418; visit https://reactjs.org/docs/error-decoder.html?invariant=418 for the full message or use the non-minified dev environment for full errors and additional helpful warnings.
JavaScript error: https://www.autoscout24.at/assets/as24-search-funnel/_next/static/chunks/framework-ce84985cd166733a.js, line 9: Error: Minified React error #418; visit https://reactjs.org/docs/error-decoder.html?invariant=418 for the full message or use the non-minified dev environment for full errors and additional helpful warnings.
JavaScript error: https://www.autoscout24.at/assets/as24-search-funnel/_next/static/chunks/framework-ce84985cd166733a.js, line 9: Error: Minified React error #418; visit https://reactjs.org/docs/error-decoder.html?invariant=418 for the full message or use the non-minified dev environment for full errors and additional helpful warnings.
JavaScript error: https://www.autoscout24.at/assets/as24-search-funnel/_next/static/chunks/framework-ce84985cd166733a.js, line 9: Error: Minified React error #418; visit https://reactjs.org/docs/error-decoder.html?invariant=418 for the full message or use the non-minified dev environment for full errors and additional helpful warnings.
JavaScript error: https://www.autoscout24.at/assets/as24-search-funnel/_next/static/chunks/framework-ce84985cd166733a.js, line 9: Error: Minified React error #418; visit https://reactjs.org/docs/error-decoder.html?invariant=418 for the full message or use the non-minified dev environment for full errors and additional helpful warnings.
JavaScript error: https://www.autoscout24.at/assets/as24-search-funnel/_next/static/chunks/framework-ce84985cd166733a.js, line 9: Error: Minified React error #418; visit https://reactjs.org/docs/error-decoder.html?invariant=418 for the full message or use the non-minified dev environment for full errors and additional helpful warnings.
JavaScript error: https://www.autoscout24.at/assets/as24-search-funnel/_next/static/chunks/framework-ce84985cd166733a.js, line 9: Error: Minified React error #418; visit https://reactjs.org/docs/error-decoder.html?invariant=418 for the full message or use the non-minified dev environment for full errors and additional helpful warnings.
JavaScript error: https://www.autoscout24.at/assets/as24-search-funnel/_next/static/chunks/framework-ce84985cd166733a.js, line 9: Error: Minified React error #418; visit https://reactjs.org/docs/error-decoder.html?invariant=418 for the full message or use the non-minified dev environment for full errors and additional helpful warnings.
JavaScript error: https://www.autoscout24.at/assets/as24-search-funnel/_next/static/chunks/framework-ce84985cd166733a.js, line 9: Error: Minified React error #418; visit https://reactjs.org/docs/error-decoder.html?invariant=418 for the full message or use the non-minified dev environment for full errors and additional helpful warnings.
JavaScript error: https://www.autoscout24.at/assets/as24-search-funnel/_next/static/chunks/framework-ce84985cd166733a.js, line 9: Error: Minified React error #418; visit https://reactjs.org/docs/error-decoder.html?invariant=418 for the full message or use the non-minified dev environment for full errors and additional helpful warnings.
JavaScript error: https://www.autoscout24.at/assets/as24-search-funnel/_next/static/chunks/framework-ce84985cd166733a.js, line 9: Error: Minified React error #418; visit https://reactjs.org/docs/error-decoder.html?invariant=418 for the full message or use the non-minified dev environment for full errors and additional helpful warnings.
JavaScript error: https://www.autoscout24.at/assets/as24-search-funnel/_next/static/chunks/framework-ce84985cd166733a.js, line 9: Error: Minified React error #418; visit https://reactjs.org/docs/error-decoder.html?invariant=418 for the full message or use the non-minified dev environment for full errors and additional helpful warnings.
JavaScript error: https://www.autoscout24.at/assets/as24-search-funnel/_next/static/chunks/framework-ce84985cd166733a.js, line 9: Error: Minified React error #418; visit https://reactjs.org/docs/error-decoder.html?invariant=418 for the full message or use the non-minified dev environment for full errors and additional helpful warnings.
JavaScript error: https://www.autoscout24.at/assets/as24-search-funnel/_next/static/chunks/framework-ce84985cd166733a.js, line 9: Error: Minified React error #418; visit https://reactjs.org/docs/error-decoder.html?invariant=418 for the full message or use the non-minified dev environment for full errors and additional helpful warnings.
JavaScript error: https://www.autoscout24.at/assets/as24-search-funnel/_next/static/chunks/framework-ce84985cd166733a.js, line 9: Error: Minified React error #418; visit https://reactjs.org/docs/error-decoder.html?invariant=418 for the full message or use the non-minified dev environment for full errors and additional helpful warnings.
JavaScript error: https://www.autoscout24.at/assets/as24-search-funnel/_next/static/chunks/framework-ce84985cd166733a.js, line 9: Error: Minified React error #418; visit https://reactjs.org/docs/error-decoder.html?invariant=418 for the full message or use the non-minified dev environment for full errors and additional helpful warnings.
JavaScript error: https://www.autoscout24.at/assets/as24-search-funnel/_next/static/chunks/framework-ce84985cd166733a.js, line 9: Error: Minified React error #418; visit https://reactjs.org/docs/error-decoder.html?invariant=418 for the full message or use the non-minified dev environment for full errors and additional helpful warnings.
JavaScript error: https://www.autoscout24.at/assets/as24-search-funnel/_next/static/chunks/framework-ce84985cd166733a.js, line 9: Error: Minified React error #418; visit https://reactjs.org/docs/error-decoder.html?invariant=418 for the full message or use the non-minified dev environment for full errors and additional helpful warnings.
JavaScript error: https://www.autoscout24.at/assets/as24-search-funnel/_next/static/chunks/framework-ce84985cd166733a.js, line 9: Error: Minified React error #418; visit https://reactjs.org/docs/error-decoder.html?invariant=418 for the full message or use the non-minified dev environment for full errors and additional helpful warnings.
JavaScript error: https://www.autoscout24.at/assets/as24-search-funnel/_next/static/chunks/framework-ce84985cd166733a.js, line 9: Error: Minified React error #418; visit https://reactjs.org/docs/error-decoder.html?invariant=418 for the full message or use the non-minified dev environment for full errors and additional helpful warnings.
JavaScript error: https://www.autoscout24.at/assets/as24-search-funnel/_next/static/chunks/framework-ce84985cd166733a.js, line 9: Error: Minified React error #418; visit https://reactjs.org/docs/error-decoder.html?invariant=418 for the full message or use the non-minified dev environment for full errors and additional helpful warnings.
JavaScript error: https://www.autoscout24.at/assets/as24-search-funnel/_next/static/chunks/framework-ce84985cd166733a.js, line 9: Error: Minified React error #418; visit https://reactjs.org/docs/error-decoder.html?invariant=418 for the full message or use the non-minified dev environment for full errors and additional helpful warnings.
JavaScript error: https://www.autoscout24.at/assets/as24-search-funnel/_next/static/chunks/framework-ce84985cd166733a.js, line 9: Error: Minified React error #418; visit https://reactjs.org/docs/error-decoder.html?invariant=418 for the full message or use the non-minified dev environment for full errors and additional helpful warnings.
JavaScript error: https://www.autoscout24.at/assets/as24-search-funnel/_next/static/chunks/framework-ce84985cd166733a.js, line 9: Error: Minified React error #418; visit https://reactjs.org/docs/error-decoder.html?invariant=418 for the full message or use the non-minified dev environment for full errors and additional helpful warnings.
JavaScript error: https://www.autoscout24.at/assets/as24-search-funnel/_next/static/chunks/framework-ce84985cd166733a.js, line 9: Error: Minified React error #418; visit https://reactjs.org/docs/error-decoder.html?invariant=418 for the full message or use the non-minified dev environment for full errors and additional helpful warnings.
JavaScript error: https://www.autoscout24.at/assets/as24-search-funnel/_next/static/chunks/framework-ce84985cd166733a.js, line 9: Error: Minified React error #418; visit https://reactjs.org/docs/error-decoder.html?invariant=418 for the full message or use the non-minified dev environment for full errors and additional helpful warnings.
JavaScript error: https://www.autoscout24.at/assets/as24-search-funnel/_next/static/chunks/framework-ce84985cd166733a.js, line 9: Error: Minified React error #418; visit https://reactjs.org/docs/error-decoder.html?invariant=418 for the full message or use the non-minified dev environment for full errors and additional helpful warnings.
JavaScript error: https://www.autoscout24.at/assets/as24-search-funnel/_next/static/chunks/framework-ce84985cd166733a.js, line 9: Error: Minified React error #418; visit https://reactjs.org/docs/error-decoder.html?invariant=418 for the full message or use the non-minified dev environment for full errors and additional helpful warnings.
JavaScript error: https://www.autoscout24.at/assets/as24-search-funnel/_next/static/chunks/framework-ce84985cd166733a.js, line 9: Error: Minified React error #418; visit https://reactjs.org/docs/error-decoder.html?invariant=418 for the full message or use the non-minified dev environment for full errors and additional helpful warnings.
JavaScript error: https://www.autoscout24.at/assets/as24-search-funnel/_next/static/chunks/framework-ce84985cd166733a.js, line 9: Error: Minified React error #418; visit https://reactjs.org/docs/error-decoder.html?invariant=418 for the full message or use the non-minified dev environment for full errors and additional helpful warnings.
JavaScript error: https://www.autoscout24.at/assets/as24-search-funnel/_next/static/chunks/framework-ce84985cd166733a.js, line 9: Error: Minified React error #418; visit https://reactjs.org/docs/error-decoder.html?invariant=418 for the full message or use the non-minified dev environment for full errors and additional helpful warnings.
JavaScript error: https://www.autoscout24.at/assets/as24-search-funnel/_next/static/chunks/framework-ce84985cd166733a.js, line 9: Error: Minified React error #418; visit https://reactjs.org/docs/error-decoder.html?invariant=418 for the full message or use the non-minified dev environment for full errors and additional helpful warnings.
JavaScript error: https://www.autoscout24.at/assets/as24-search-funnel/_next/static/chunks/framework-ce84985cd166733a.js, line 9: Error: Minified React error #418; visit https://reactjs.org/docs/error-decoder.html?invariant=418 for the full message or use the non-minified dev environment for full errors and additional helpful warnings.
JavaScript error: https://www.autoscout24.at/assets/as24-search-funnel/_next/static/chunks/framework-ce84985cd166733a.js, line 9: Error: Minified React error #418; visit https://reactjs.org/docs/error-decoder.html?invariant=418 for the full message or use the non-minified dev environment for full errors and additional helpful warnings.
JavaScript error: https://www.autoscout24.at/assets/as24-search-funnel/_next/static/chunks/framework-ce84985cd166733a.js, line 9: Error: Minified React error #418; visit https://reactjs.org/docs/error-decoder.html?invariant=418 for the full message or use the non-minified dev environment for full errors and additional helpful warnings.
JavaScript error: https://www.autoscout24.at/assets/as24-search-funnel/_next/static/chunks/framework-ce84985cd166733a.js, line 9: Error: Minified React error #418; visit https://reactjs.org/docs/error-decoder.html?invariant=418 for the full message or use the non-minified dev environment for full errors and additional helpful warnings.
JavaScript error: https://www.autoscout24.at/assets/as24-search-funnel/_next/static/chunks/framework-ce84985cd166733a.js, line 9: Error: Minified React error #418; visit https://reactjs.org/docs/error-decoder.html?invariant=418 for the full message or use the non-minified dev environment for full errors and additional helpful warnings.
JavaScript error: https://www.autoscout24.at/assets/as24-search-funnel/_next/static/chunks/framework-ce84985cd166733a.js, line 9: Error: Minified React error #418; visit https://reactjs.org/docs/error-decoder.html?invariant=418 for the full message or use the non-minified dev environment for full errors and additional helpful warnings.
JavaScript error: https://www.autoscout24.at/assets/as24-search-funnel/_next/static/chunks/framework-ce84985cd166733a.js, line 9: Error: Minified React error #418; visit https://reactjs.org/docs/error-decoder.html?invariant=418 for the full message or use the non-minified dev environment for full errors and additional helpful warnings.
JavaScript error: https://www.autoscout24.at/assets/as24-search-funnel/_next/static/chunks/framework-ce84985cd166733a.js, line 9: Error: Minified React error #418; visit https://reactjs.org/docs/error-decoder.html?invariant=418 for the full message or use the non-minified dev environment for full errors and additional helpful warnings.
JavaScript error: https://www.autoscout24.at/assets/as24-search-funnel/_next/static/chunks/framework-ce84985cd166733a.js, line 9: Error: Minified React error #418; visit https://reactjs.org/docs/error-decoder.html?invariant=418 for the full message or use the non-minified dev environment for full errors and additional helpful warnings.
JavaScript error: https://www.autoscout24.at/assets/as24-search-funnel/_next/static/chunks/framework-ce84985cd166733a.js, line 9: Error: Minified React error #418; visit https://reactjs.org/docs/error-decoder.html?invariant=418 for the full message or use the non-minified dev environment for full errors and additional helpful warnings.
JavaScript error: https://www.autoscout24.at/assets/as24-search-funnel/_next/static/chunks/framework-ce84985cd166733a.js, line 9: Error: Minified React error #418; visit https://reactjs.org/docs/error-decoder.html?invariant=418 for the full message or use the non-minified dev environment for full errors and additional helpful warnings.
JavaScript error: https://www.autoscout24.at/assets/as24-search-funnel/_next/static/chunks/framework-ce84985cd166733a.js, line 9: Error: Minified React error #418; visit https://reactjs.org/docs/error-decoder.html?invariant=418 for the full message or use the non-minified dev environment for full errors and additional helpful warnings.
JavaScript error: https://www.autoscout24.at/assets/as24-search-funnel/_next/static/chunks/framework-ce84985cd166733a.js, line 9: Error: Minified React error #418; visit https://reactjs.org/docs/error-decoder.html?invariant=418 for the full message or use the non-minified dev environment for full errors and additional helpful warnings.
JavaScript error: https://www.autoscout24.at/assets/as24-search-funnel/_next/static/chunks/framework-ce84985cd166733a.js, line 9: Error: Minified React error #418; visit https://reactjs.org/docs/error-decoder.html?invariant=418 for the full message or use the non-minified dev environment for full errors and additional helpful warnings.
JavaScript error: https://www.autoscout24.at/assets/as24-search-funnel/_next/static/chunks/framework-ce84985cd166733a.js, line 9: Error: Minified React error #418; visit https://reactjs.org/docs/error-decoder.html?invariant=418 for the full message or use the non-minified dev environment for full errors and additional helpful warnings.
JavaScript error: https://www.autoscout24.at/assets/as24-search-funnel/_next/static/chunks/framework-ce84985cd166733a.js, line 9: Error: Minified React error #418; visit https://reactjs.org/docs/error-decoder.html?invariant=418 for the full message or use the non-minified dev environment for full errors and additional helpful warnings.
JavaScript error: https://www.autoscout24.at/assets/as24-search-funnel/_next/static/chunks/framework-ce84985cd166733a.js, line 9: Error: Minified React error #418; visit https://reactjs.org/docs/error-decoder.html?invariant=418 for the full message or use the non-minified dev environment for full errors and additional helpful warnings.
JavaScript error: https://www.autoscout24.at/assets/as24-search-funnel/_next/static/chunks/framework-ce84985cd166733a.js, line 9: Error: Minified React error #418; visit https://reactjs.org/docs/error-decoder.html?invariant=418 for the full message or use the non-minified dev environment for full errors and additional helpful warnings.
JavaScript error: https://www.autoscout24.at/assets/as24-search-funnel/_next/static/chunks/framework-ce84985cd166733a.js, line 9: Error: Minified React error #418; visit https://reactjs.org/docs/error-decoder.html?invariant=418 for the full message or use the non-minified dev environment for full errors and additional helpful warnings.
JavaScript error: https://www.autoscout24.at/assets/as24-search-funnel/_next/static/chunks/framework-ce84985cd166733a.js, line 9: Error: Minified React error #418; visit https://reactjs.org/docs/error-decoder.html?invariant=418 for the full message or use the non-minified dev environment for full errors and additional helpful warnings.
JavaScript error: https://www.autoscout24.at/assets/as24-search-funnel/_next/static/chunks/framework-ce84985cd166733a.js, line 9: Error: Minified React error #418; visit https://reactjs.org/docs/error-decoder.html?invariant=418 for the full message or use the non-minified dev environment for full errors and additional helpful warnings.
JavaScript error: https://www.autoscout24.at/assets/as24-search-funnel/_next/static/chunks/framework-ce84985cd166733a.js, line 9: Error: Minified React error #418; visit https://reactjs.org/docs/error-decoder.html?invariant=418 for the full message or use the non-minified dev environment for full errors and additional helpful warnings.
JavaScript error: https://www.autoscout24.at/assets/as24-search-funnel/_next/static/chunks/framework-ce84985cd166733a.js, line 9: Error: Minified React error #418; visit https://reactjs.org/docs/error-decoder.html?invariant=418 for the full message or use the non-minified dev environment for full errors and additional helpful warnings.
JavaScript error: https://www.autoscout24.at/assets/as24-search-funnel/_next/static/chunks/framework-ce84985cd166733a.js, line 9: Error: Minified React error #418; visit https://reactjs.org/docs/error-decoder.html?invariant=418 for the full message or use the non-minified dev environment for full errors and additional helpful warnings.
JavaScript error: https://www.autoscout24.at/assets/as24-search-funnel/_next/static/chunks/framework-ce84985cd166733a.js, line 9: Error: Minified React error #418; visit https://reactjs.org/docs/error-decoder.html?invariant=418 for the full message or use the non-minified dev environment for full errors and additional helpful warnings.
JavaScript error: https://www.autoscout24.at/assets/as24-search-funnel/_next/static/chunks/framework-ce84985cd166733a.js, line 9: Error: Minified React error #418; visit https://reactjs.org/docs/error-decoder.html?invariant=418 for the full message or use the non-minified dev environment for full errors and additional helpful warnings.
JavaScript error: https://www.autoscout24.at/assets/as24-search-funnel/_next/static/chunks/framework-ce84985cd166733a.js, line 9: Error: Minified React error #418; visit https://reactjs.org/docs/error-decoder.html?invariant=418 for the full message or use the non-minified dev environment for full errors and additional helpful warnings.
JavaScript error: https://www.autoscout24.at/assets/as24-search-funnel/_next/static/chunks/framework-ce84985cd166733a.js, line 9: Error: Minified React error #418; visit https://reactjs.org/docs/error-decoder.html?invariant=418 for the full message or use the non-minified dev environment for full errors and additional helpful warnings.
JavaScript error: https://www.autoscout24.at/assets/as24-search-funnel/_next/static/chunks/framework-ce84985cd166733a.js, line 9: Error: Minified React error #423; visit https://reactjs.org/docs/error-decoder.html?invariant=423 for the full message or use the non-minified dev environment for full errors and additional helpful warnings.
1698772013912	Marionette	INFO	Stopped listening on port 52461
JavaScript warning: https://www.autoscout24.at/assets/as24-cmp/full-cmp.js, line 1: Script terminated by timeout at:
getRestrictions@https://www.autoscout24.at/assets/as24-cmp/full-cmp.js:1:12351
createRestrictions@https://www.autoscout24.at/assets/as24-cmp/full-cmp.js:1:4065
F@https://www.autoscout24.at/assets/as24-cmp/full-cmp.js:1:3890
respond@https://www.autoscout24.at/assets/as24-cmp/full-cmp.js:1:1117
respond@https://www.autoscout24.at/assets/as24-cmp/full-cmp.js:1:36706
R@https://www.autoscout24.at/assets/as24-cmp/full-cmp.js:1:883
D@https://www.autoscout24.at/assets/as24-cmp/full-cmp.js:1:1042
@https://www.autoscout24.at/assets/as24-cmp/full-cmp.js:1:36583
apiCall@https://www.autoscout24.at/assets/as24-cmp/full-cmp.js:1:38046
Pr@https://spl.zeotap.com/mapper.js?zdid=1606&idp_partnerid=77d89cbb-54ee-4338-829a-c020d08bc3e6&ctry=AUT&env=mWeb&eventType=pageview&idp=1&zbrand=1:all&zmodel=0:&partner_dom=www.autoscout24.at:1:42602
Nr@https://spl.zeotap.com/mapper.js?zdid=1606&idp_partnerid=77d89cbb-54ee-4338-829a-c020d08bc3e6&ctry=AUT&env=mWeb&eventType=pageview&idp=1&zbrand=1:all&zmodel=0:&partner_dom=www.autoscout24.at:1:45304
r@https://spl.zeotap.com/mapper.js?zdid=1606&idp_partnerid=77d89cbb-54ee-4338-829a-c020d08bc3e6&ctry=AUT&env=mWeb&eventType=pageview&idp=1&zbrand=1:all&zmodel=0:&partner_dom=www.autoscout24.at:1:46038
Ur@https://spl.zeotap.com/mapper.js?zdid=1606&idp_partnerid=77d89cbb-54ee-4338-829a-c020d08bc3e6&ctry=AUT&env=mWeb&eventType=pageview&idp=1&zbrand=1:all&zmodel=0:&partner_dom=www.autoscout24.at:1:46212
value@https://spl.zeotap.com/mapper.js?zdid=1606&idp_partnerid=77d89cbb-54ee-4338-829a-c020d08bc3e6&ctry=AUT&env=mWeb&eventType=pageview&idp=1&zbrand=1:all&zmodel=0:&partner_dom=www.autoscout24.at:1:49884
value@https://spl.zeotap.com/mapper.js?zdid=1606&idp_partnerid=77d89cbb-54ee-4338-829a-c020d08bc3e6&ctry=AUT&env=mWeb&eventType=pageview&idp=1&zbrand=1:all&zmodel=0:&partner_dom=www.autoscout24.at:1:58381
Co@https://spl.zeotap.com/mapper.js?zdid=1606&idp_partnerid=77d89cbb-54ee-4338-829a-c020d08bc3e6&ctry=AUT&env=mWeb&eventType=pageview&idp=1&zbrand=1:all&zmodel=0:&partner_dom=www.autoscout24.at:1:61754
mapperjs<@https://spl.zeotap.com/mapper.js?zdid=1606&idp_partnerid=77d89cbb-54ee-4338-829a-c020d08bc3e6&ctry=AUT&env=mWeb&eventType=pageview&idp=1&zbrand=1:all&zmodel=0:&partner_dom=www.autoscout24.at:1:62147
@https://spl.zeotap.com/mapper.js?zdid=1606&idp_partnerid=77d89cbb-54ee-4338-829a-c020d08bc3e6&ctry=AUT&env=mWeb&eventType=pageview&idp=1&zbrand=1:all&zmodel=0:&partner_dom=www.autoscout24.at:1:62165

Dynamically enable window occlusion 1
1698772091519	geckodriver	INFO	Listening on 127.0.0.1:52523
1698772094587	mozrunner::runner	INFO	Running command: "C:\\Program Files (x86)\\Mozilla Firefox\\firefox.exe" "--marionette" "--remote-debugging-port" "52524" "--remote-allow-hosts" "localhost" "-no-remote" "-profile" "C:\\Users\\Lukas\\AppData\\Local\\Temp\\rust_mozprofilewF7NaJ"
console.warn: services.settings: Ignoring preference override of remote settings server
console.warn: services.settings: Allow by setting MOZ_REMOTE_SETTINGS_DEVTOOLS=1 in the environment
1698772095652	Marionette	INFO	Marionette enabled
Dynamically enable window occlusion 0
1698772095998	Marionette	INFO	Listening on port 52531
WebDriver BiDi listening on ws://127.0.0.1:52524
Read port: 52531
1698772096951	RemoteAgent	WARN	TLS certificate errors will be ignored for this session
DevTools listening on ws://127.0.0.1:52524/devtools/browser/87c9a000-3b01-4059-ad3e-a326e843c9fe
JavaScript error: https://www.autoscout24.at/assets/as24-search-funnel/_next/static/chunks/framework-ce84985cd166733a.js, line 9: Error: Minified React error #425; visit https://reactjs.org/docs/error-decoder.html?invariant=425 for the full message or use the non-minified dev environment for full errors and additional helpful warnings.
JavaScript error: https://www.autoscout24.at/assets/as24-search-funnel/_next/static/chunks/framework-ce84985cd166733a.js, line 9: Error: Minified React error #418; visit https://reactjs.org/docs/error-decoder.html?invariant=418 for the full message or use the non-minified dev environment for full errors and additional helpful warnings.
JavaScript error: https://www.autoscout24.at/assets/as24-search-funnel/_next/static/chunks/framework-ce84985cd166733a.js, line 9: Error: Minified React error #418; visit https://reactjs.org/docs/error-decoder.html?invariant=418 for the full message or use the non-minified dev environment for full errors and additional helpful warnings.
JavaScript error: https://www.autoscout24.at/assets/as24-search-funnel/_next/static/chunks/framework-ce84985cd166733a.js, line 9: Error: Minified React error #418; visit https://reactjs.org/docs/error-decoder.html?invariant=418 for the full message or use the non-minified dev environment for full errors and additional helpful warnings.
JavaScript error: https://www.autoscout24.at/assets/as24-search-funnel/_next/static/chunks/framework-ce84985cd166733a.js, line 9: Error: Minified React error #418; visit https://reactjs.org/docs/error-decoder.html?invariant=418 for the full message or use the non-minified dev environment for full errors and additional helpful warnings.
JavaScript error: https://www.autoscout24.at/assets/as24-search-funnel/_next/static/chunks/framework-ce84985cd166733a.js, line 9: Error: Minified React error #418; visit https://reactjs.org/docs/error-decoder.html?invariant=418 for the full message or use the non-minified dev environment for full errors and additional helpful warnings.
JavaScript error: https://www.autoscout24.at/assets/as24-search-funnel/_next/static/chunks/framework-ce84985cd166733a.js, line 9: Error: Minified React error #418; visit https://reactjs.org/docs/error-decoder.html?invariant=418 for the full message or use the non-minified dev environment for full errors and additional helpful warnings.
JavaScript error: https://www.autoscout24.at/assets/as24-search-funnel/_next/static/chunks/framework-ce84985cd166733a.js, line 9: Error: Minified React error #418; visit https://reactjs.org/docs/error-decoder.html?invariant=418 for the full message or use the non-minified dev environment for full errors and additional helpful warnings.
JavaScript error: https://www.autoscout24.at/assets/as24-search-funnel/_next/static/chunks/framework-ce84985cd166733a.js, line 9: Error: Minified React error #418; visit https://reactjs.org/docs/error-decoder.html?invariant=418 for the full message or use the non-minified dev environment for full errors and additional helpful warnings.
JavaScript error: https://www.autoscout24.at/assets/as24-search-funnel/_next/static/chunks/framework-ce84985cd166733a.js, line 9: Error: Minified React error #418; visit https://reactjs.org/docs/error-decoder.html?invariant=418 for the full message or use the non-minified dev environment for full errors and additional helpful warnings.
JavaScript error: https://www.autoscout24.at/assets/as24-search-funnel/_next/static/chunks/framework-ce84985cd166733a.js, line 9: Error: Minified React error #418; visit https://reactjs.org/docs/error-decoder.html?invariant=418 for the full message or use the non-minified dev environment for full errors and additional helpful warnings.
JavaScript error: https://www.autoscout24.at/assets/as24-search-funnel/_next/static/chunks/framework-ce84985cd166733a.js, line 9: Error: Minified React error #418; visit https://reactjs.org/docs/error-decoder.html?invariant=418 for the full message or use the non-minified dev environment for full errors and additional helpful warnings.
JavaScript error: https://www.autoscout24.at/assets/as24-search-funnel/_next/static/chunks/framework-ce84985cd166733a.js, line 9: Error: Minified React error #418; visit https://reactjs.org/docs/error-decoder.html?invariant=418 for the full message or use the non-minified dev environment for full errors and additional helpful warnings.
JavaScript error: https://www.autoscout24.at/assets/as24-search-funnel/_next/static/chunks/framework-ce84985cd166733a.js, line 9: Error: Minified React error #418; visit https://reactjs.org/docs/error-decoder.html?invariant=418 for the full message or use the non-minified dev environment for full errors and additional helpful warnings.
JavaScript error: https://www.autoscout24.at/assets/as24-search-funnel/_next/static/chunks/framework-ce84985cd166733a.js, line 9: Error: Minified React error #418; visit https://reactjs.org/docs/error-decoder.html?invariant=418 for the full message or use the non-minified dev environment for full errors and additional helpful warnings.
JavaScript error: https://www.autoscout24.at/assets/as24-search-funnel/_next/static/chunks/framework-ce84985cd166733a.js, line 9: Error: Minified React error #418; visit https://reactjs.org/docs/error-decoder.html?invariant=418 for the full message or use the non-minified dev environment for full errors and additional helpful warnings.
JavaScript error: https://www.autoscout24.at/assets/as24-search-funnel/_next/static/chunks/framework-ce84985cd166733a.js, line 9: Error: Minified React error #418; visit https://reactjs.org/docs/error-decoder.html?invariant=418 for the full message or use the non-minified dev environment for full errors and additional helpful warnings.
JavaScript error: https://www.autoscout24.at/assets/as24-search-funnel/_next/static/chunks/framework-ce84985cd166733a.js, line 9: Error: Minified React error #418; visit https://reactjs.org/docs/error-decoder.html?invariant=418 for the full message or use the non-minified dev environment for full errors and additional helpful warnings.
JavaScript error: https://www.autoscout24.at/assets/as24-search-funnel/_next/static/chunks/framework-ce84985cd166733a.js, line 9: Error: Minified React error #418; visit https://reactjs.org/docs/error-decoder.html?invariant=418 for the full message or use the non-minified dev environment for full errors and additional helpful warnings.
JavaScript error: https://www.autoscout24.at/assets/as24-search-funnel/_next/static/chunks/framework-ce84985cd166733a.js, line 9: Error: Minified React error #418; visit https://reactjs.org/docs/error-decoder.html?invariant=418 for the full message or use the non-minified dev environment for full errors and additional helpful warnings.
JavaScript error: https://www.autoscout24.at/assets/as24-search-funnel/_next/static/chunks/framework-ce84985cd166733a.js, line 9: Error: Minified React error #418; visit https://reactjs.org/docs/error-decoder.html?invariant=418 for the full message or use the non-minified dev environment for full errors and additional helpful warnings.
JavaScript error: https://www.autoscout24.at/assets/as24-search-funnel/_next/static/chunks/framework-ce84985cd166733a.js, line 9: Error: Minified React error #418; visit https://reactjs.org/docs/error-decoder.html?invariant=418 for the full message or use the non-minified dev environment for full errors and additional helpful warnings.
JavaScript error: https://www.autoscout24.at/assets/as24-search-funnel/_next/static/chunks/framework-ce84985cd166733a.js, line 9: Error: Minified React error #418; visit https://reactjs.org/docs/error-decoder.html?invariant=418 for the full message or use the non-minified dev environment for full errors and additional helpful warnings.
JavaScript error: https://www.autoscout24.at/assets/as24-search-funnel/_next/static/chunks/framework-ce84985cd166733a.js, line 9: Error: Minified React error #418; visit https://reactjs.org/docs/error-decoder.html?invariant=418 for the full message or use the non-minified dev environment for full errors and additional helpful warnings.
JavaScript error: https://www.autoscout24.at/assets/as24-search-funnel/_next/static/chunks/framework-ce84985cd166733a.js, line 9: Error: Minified React error #418; visit https://reactjs.org/docs/error-decoder.html?invariant=418 for the full message or use the non-minified dev environment for full errors and additional helpful warnings.
JavaScript error: https://www.autoscout24.at/assets/as24-search-funnel/_next/static/chunks/framework-ce84985cd166733a.js, line 9: Error: Minified React error #418; visit https://reactjs.org/docs/error-decoder.html?invariant=418 for the full message or use the non-minified dev environment for full errors and additional helpful warnings.
JavaScript error: https://www.autoscout24.at/assets/as24-search-funnel/_next/static/chunks/framework-ce84985cd166733a.js, line 9: Error: Minified React error #418; visit https://reactjs.org/docs/error-decoder.html?invariant=418 for the full message or use the non-minified dev environment for full errors and additional helpful warnings.
JavaScript error: https://www.autoscout24.at/assets/as24-search-funnel/_next/static/chunks/framework-ce84985cd166733a.js, line 9: Error: Minified React error #418; visit https://reactjs.org/docs/error-decoder.html?invariant=418 for the full message or use the non-minified dev environment for full errors and additional helpful warnings.
JavaScript error: https://www.autoscout24.at/assets/as24-search-funnel/_next/static/chunks/framework-ce84985cd166733a.js, line 9: Error: Minified React error #418; visit https://reactjs.org/docs/error-decoder.html?invariant=418 for the full message or use the non-minified dev environment for full errors and additional helpful warnings.
JavaScript error: https://www.autoscout24.at/assets/as24-search-funnel/_next/static/chunks/framework-ce84985cd166733a.js, line 9: Error: Minified React error #418; visit https://reactjs.org/docs/error-decoder.html?invariant=418 for the full message or use the non-minified dev environment for full errors and additional helpful warnings.
JavaScript error: https://www.autoscout24.at/assets/as24-search-funnel/_next/static/chunks/framework-ce84985cd166733a.js, line 9: Error: Minified React error #418; visit https://reactjs.org/docs/error-decoder.html?invariant=418 for the full message or use the non-minified dev environment for full errors and additional helpful warnings.
JavaScript error: https://www.autoscout24.at/assets/as24-search-funnel/_next/static/chunks/framework-ce84985cd166733a.js, line 9: Error: Minified React error #418; visit https://reactjs.org/docs/error-decoder.html?invariant=418 for the full message or use the non-minified dev environment for full errors and additional helpful warnings.
JavaScript error: https://www.autoscout24.at/assets/as24-search-funnel/_next/static/chunks/framework-ce84985cd166733a.js, line 9: Error: Minified React error #418; visit https://reactjs.org/docs/error-decoder.html?invariant=418 for the full message or use the non-minified dev environment for full errors and additional helpful warnings.
JavaScript error: https://www.autoscout24.at/assets/as24-search-funnel/_next/static/chunks/framework-ce84985cd166733a.js, line 9: Error: Minified React error #418; visit https://reactjs.org/docs/error-decoder.html?invariant=418 for the full message or use the non-minified dev environment for full errors and additional helpful warnings.
JavaScript error: https://www.autoscout24.at/assets/as24-search-funnel/_next/static/chunks/framework-ce84985cd166733a.js, line 9: Error: Minified React error #418; visit https://reactjs.org/docs/error-decoder.html?invariant=418 for the full message or use the non-minified dev environment for full errors and additional helpful warnings.
JavaScript error: https://www.autoscout24.at/assets/as24-search-funnel/_next/static/chunks/framework-ce84985cd166733a.js, line 9: Error: Minified React error #418; visit https://reactjs.org/docs/error-decoder.html?invariant=418 for the full message or use the non-minified dev environment for full errors and additional helpful warnings.
JavaScript error: https://www.autoscout24.at/assets/as24-search-funnel/_next/static/chunks/framework-ce84985cd166733a.js, line 9: Error: Minified React error #418; visit https://reactjs.org/docs/error-decoder.html?invariant=418 for the full message or use the non-minified dev environment for full errors and additional helpful warnings.
JavaScript error: https://www.autoscout24.at/assets/as24-search-funnel/_next/static/chunks/framework-ce84985cd166733a.js, line 9: Error: Minified React error #418; visit https://reactjs.org/docs/error-decoder.html?invariant=418 for the full message or use the non-minified dev environment for full errors and additional helpful warnings.
JavaScript error: https://www.autoscout24.at/assets/as24-search-funnel/_next/static/chunks/framework-ce84985cd166733a.js, line 9: Error: Minified React error #418; visit https://reactjs.org/docs/error-decoder.html?invariant=418 for the full message or use the non-minified dev environment for full errors and additional helpful warnings.
JavaScript error: https://www.autoscout24.at/assets/as24-search-funnel/_next/static/chunks/framework-ce84985cd166733a.js, line 9: Error: Minified React error #418; visit https://reactjs.org/docs/error-decoder.html?invariant=418 for the full message or use the non-minified dev environment for full errors and additional helpful warnings.
JavaScript error: https://www.autoscout24.at/assets/as24-search-funnel/_next/static/chunks/framework-ce84985cd166733a.js, line 9: Error: Minified React error #418; visit https://reactjs.org/docs/error-decoder.html?invariant=418 for the full message or use the non-minified dev environment for full errors and additional helpful warnings.
JavaScript error: https://www.autoscout24.at/assets/as24-search-funnel/_next/static/chunks/framework-ce84985cd166733a.js, line 9: Error: Minified React error #418; visit https://reactjs.org/docs/error-decoder.html?invariant=418 for the full message or use the non-minified dev environment for full errors and additional helpful warnings.
JavaScript error: https://www.autoscout24.at/assets/as24-search-funnel/_next/static/chunks/framework-ce84985cd166733a.js, line 9: Error: Minified React error #418; visit https://reactjs.org/docs/error-decoder.html?invariant=418 for the full message or use the non-minified dev environment for full errors and additional helpful warnings.
JavaScript error: https://www.autoscout24.at/assets/as24-search-funnel/_next/static/chunks/framework-ce84985cd166733a.js, line 9: Error: Minified React error #418; visit https://reactjs.org/docs/error-decoder.html?invariant=418 for the full message or use the non-minified dev environment for full errors and additional helpful warnings.
JavaScript error: https://www.autoscout24.at/assets/as24-search-funnel/_next/static/chunks/framework-ce84985cd166733a.js, line 9: Error: Minified React error #418; visit https://reactjs.org/docs/error-decoder.html?invariant=418 for the full message or use the non-minified dev environment for full errors and additional helpful warnings.
JavaScript error: https://www.autoscout24.at/assets/as24-search-funnel/_next/static/chunks/framework-ce84985cd166733a.js, line 9: Error: Minified React error #418; visit https://reactjs.org/docs/error-decoder.html?invariant=418 for the full message or use the non-minified dev environment for full errors and additional helpful warnings.
JavaScript error: https://www.autoscout24.at/assets/as24-search-funnel/_next/static/chunks/framework-ce84985cd166733a.js, line 9: Error: Minified React error #418; visit https://reactjs.org/docs/error-decoder.html?invariant=418 for the full message or use the non-minified dev environment for full errors and additional helpful warnings.
JavaScript error: https://www.autoscout24.at/assets/as24-search-funnel/_next/static/chunks/framework-ce84985cd166733a.js, line 9: Error: Minified React error #418; visit https://reactjs.org/docs/error-decoder.html?invariant=418 for the full message or use the non-minified dev environment for full errors and additional helpful warnings.
JavaScript error: https://www.autoscout24.at/assets/as24-search-funnel/_next/static/chunks/framework-ce84985cd166733a.js, line 9: Error: Minified React error #418; visit https://reactjs.org/docs/error-decoder.html?invariant=418 for the full message or use the non-minified dev environment for full errors and additional helpful warnings.
JavaScript error: https://www.autoscout24.at/assets/as24-search-funnel/_next/static/chunks/framework-ce84985cd166733a.js, line 9: Error: Minified React error #418; visit https://reactjs.org/docs/error-decoder.html?invariant=418 for the full message or use the non-minified dev environment for full errors and additional helpful warnings.
JavaScript error: https://www.autoscout24.at/assets/as24-search-funnel/_next/static/chunks/framework-ce84985cd166733a.js, line 9: Error: Minified React error #418; visit https://reactjs.org/docs/error-decoder.html?invariant=418 for the full message or use the non-minified dev environment for full errors and additional helpful warnings.
JavaScript error: https://www.autoscout24.at/assets/as24-search-funnel/_next/static/chunks/framework-ce84985cd166733a.js, line 9: Error: Minified React error #418; visit https://reactjs.org/docs/error-decoder.html?invariant=418 for the full message or use the non-minified dev environment for full errors and additional helpful warnings.
JavaScript error: https://www.autoscout24.at/assets/as24-search-funnel/_next/static/chunks/framework-ce84985cd166733a.js, line 9: Error: Minified React error #418; visit https://reactjs.org/docs/error-decoder.html?invariant=418 for the full message or use the non-minified dev environment for full errors and additional helpful warnings.
JavaScript error: https://www.autoscout24.at/assets/as24-search-funnel/_next/static/chunks/framework-ce84985cd166733a.js, line 9: Error: Minified React error #418; visit https://reactjs.org/docs/error-decoder.html?invariant=418 for the full message or use the non-minified dev environment for full errors and additional helpful warnings.
JavaScript error: https://www.autoscout24.at/assets/as24-search-funnel/_next/static/chunks/framework-ce84985cd166733a.js, line 9: Error: Minified React error #418; visit https://reactjs.org/docs/error-decoder.html?invariant=418 for the full message or use the non-minified dev environment for full errors and additional helpful warnings.
JavaScript error: https://www.autoscout24.at/assets/as24-search-funnel/_next/static/chunks/framework-ce84985cd166733a.js, line 9: Error: Minified React error #418; visit https://reactjs.org/docs/error-decoder.html?invariant=418 for the full message or use the non-minified dev environment for full errors and additional helpful warnings.
JavaScript error: https://www.autoscout24.at/assets/as24-search-funnel/_next/static/chunks/framework-ce84985cd166733a.js, line 9: Error: Minified React error #418; visit https://reactjs.org/docs/error-decoder.html?invariant=418 for the full message or use the non-minified dev environment for full errors and additional helpful warnings.
JavaScript error: https://www.autoscout24.at/assets/as24-search-funnel/_next/static/chunks/framework-ce84985cd166733a.js, line 9: Error: Minified React error #418; visit https://reactjs.org/docs/error-decoder.html?invariant=418 for the full message or use the non-minified dev environment for full errors and additional helpful warnings.
JavaScript error: https://www.autoscout24.at/assets/as24-search-funnel/_next/static/chunks/framework-ce84985cd166733a.js, line 9: Error: Minified React error #418; visit https://reactjs.org/docs/error-decoder.html?invariant=418 for the full message or use the non-minified dev environment for full errors and additional helpful warnings.
JavaScript error: https://www.autoscout24.at/assets/as24-search-funnel/_next/static/chunks/framework-ce84985cd166733a.js, line 9: Error: Minified React error #418; visit https://reactjs.org/docs/error-decoder.html?invariant=418 for the full message or use the non-minified dev environment for full errors and additional helpful warnings.
JavaScript error: https://www.autoscout24.at/assets/as24-search-funnel/_next/static/chunks/framework-ce84985cd166733a.js, line 9: Error: Minified React error #418; visit https://reactjs.org/docs/error-decoder.html?invariant=418 for the full message or use the non-minified dev environment for full errors and additional helpful warnings.
JavaScript error: https://www.autoscout24.at/assets/as24-search-funnel/_next/static/chunks/framework-ce84985cd166733a.js, line 9: Error: Minified React error #418; visit https://reactjs.org/docs/error-decoder.html?invariant=418 for the full message or use the non-minified dev environment for full errors and additional helpful warnings.
JavaScript error: https://www.autoscout24.at/assets/as24-search-funnel/_next/static/chunks/framework-ce84985cd166733a.js, line 9: Error: Minified React error #418; visit https://reactjs.org/docs/error-decoder.html?invariant=418 for the full message or use the non-minified dev environment for full errors and additional helpful warnings.
JavaScript error: https://www.autoscout24.at/assets/as24-search-funnel/_next/static/chunks/framework-ce84985cd166733a.js, line 9: Error: Minified React error #418; visit https://reactjs.org/docs/error-decoder.html?invariant=418 for the full message or use the non-minified dev environment for full errors and additional helpful warnings.
JavaScript error: https://www.autoscout24.at/assets/as24-search-funnel/_next/static/chunks/framework-ce84985cd166733a.js, line 9: Error: Minified React error #418; visit https://reactjs.org/docs/error-decoder.html?invariant=418 for the full message or use the non-minified dev environment for full errors and additional helpful warnings.
JavaScript error: https://www.autoscout24.at/assets/as24-search-funnel/_next/static/chunks/framework-ce84985cd166733a.js, line 9: Error: Minified React error #423; visit https://reactjs.org/docs/error-decoder.html?invariant=423 for the full message or use the non-minified dev environment for full errors and additional helpful warnings.
1698772115081	Marionette	INFO	Stopped listening on port 52531
Dynamically enable window occlusion 1
